0 silly argv {
0 silly argv   _: [ 'publish' ],
0 silly argv   push: false,
0 silly argv   composed: 'publish',
0 silly argv   lernaVersion: '3.22.1',
0 silly argv   '$0': 'lerna'
0 silly argv }
1 notice cli v3.22.1
2 verbose rootPath /home/utkarsh/Documents/JScodePad
3 verbose session 3a18fc5ae1d5c65b
4 verbose user-agent lerna/3.22.1/node@v16.17.0+x64 (linux)
5 silly argv {
5 silly argv   _: [ 'publish' ],
5 silly argv   push: false,
5 silly argv   composed: 'publish',
5 silly argv   lernaVersion: '3.22.1'
5 silly argv }
6 verbose rootPath /home/utkarsh/Documents/JScodePad
7 info current version 2.0.0
8 silly isAnythingCommitted
9 verbose isAnythingCommitted 1
10 silly currentBranch
11 verbose currentBranch master
12 silly hasTags
13 verbose hasTags true
14 silly git-describe.sync "v2.0.0-2-g00a00b3" => {"lastTagName":"v2.0.0","lastVersion":"v2.0.0","refCount":"2","sha":"00a00b3","isDirty":false}
15 info Looking for changed packages since v2.0.0
16 silly checking diff packages/cli
17 silly found diff in packages/cli/dist/commands/serve.js
17 silly found diff in packages/cli/dist/notebook.js
17 silly found diff in packages/cli/node_modules/.package-lock.json
17 silly found diff in packages/cli/node_modules/@jscanvas/local-api
17 silly found diff in packages/cli/package-lock.json
17 silly found diff in packages/cli/package.json
17 silly found diff in packages/cli/src/commands/serve.ts
18 verbose filtered diff [
18 verbose filtered diff   'packages/cli/dist/commands/serve.js',
18 verbose filtered diff   'packages/cli/dist/notebook.js',
18 verbose filtered diff   'packages/cli/node_modules/.package-lock.json',
18 verbose filtered diff   'packages/cli/node_modules/@jscanvas/local-api',
18 verbose filtered diff   'packages/cli/package-lock.json',
18 verbose filtered diff   'packages/cli/package.json',
18 verbose filtered diff   'packages/cli/src/commands/serve.ts'
18 verbose filtered diff ]
19 silly checking diff packages/local-api
20 silly found diff in packages/local-api/dist/index.js
20 silly found diff in packages/local-api/dist/routes/cells.js
20 silly found diff in packages/local-api/node_modules/.package-lock.json
20 silly found diff in packages/local-api/node_modules/@jscanvas/local-client
20 silly found diff in packages/local-api/node_modules/local-client
20 silly found diff in packages/local-api/package-lock.json
20 silly found diff in packages/local-api/package.json
20 silly found diff in packages/local-api/src/index.ts
20 silly found diff in packages/local-api/src/routes/cells.ts
21 verbose filtered diff [
21 verbose filtered diff   'packages/local-api/dist/index.js',
21 verbose filtered diff   'packages/local-api/dist/routes/cells.js',
21 verbose filtered diff   'packages/local-api/node_modules/.package-lock.json',
21 verbose filtered diff   'packages/local-api/node_modules/@jscanvas/local-client',
21 verbose filtered diff   'packages/local-api/node_modules/local-client',
21 verbose filtered diff   'packages/local-api/package-lock.json',
21 verbose filtered diff   'packages/local-api/package.json',
21 verbose filtered diff   'packages/local-api/src/index.ts',
21 verbose filtered diff   'packages/local-api/src/routes/cells.ts'
21 verbose filtered diff ]
22 silly checking diff packages/local-client
23 silly found diff in packages/local-client/package.json
23 silly found diff in packages/local-client/public/index.html
23 silly found diff in packages/local-client/src/index.tsx
24 verbose filtered diff [
24 verbose filtered diff   'packages/local-client/package.json',
24 verbose filtered diff   'packages/local-client/public/index.html',
24 verbose filtered diff   'packages/local-client/src/index.tsx'
24 verbose filtered diff ]
25 verbose updated js-scribble
26 verbose updated @js-scribble/local-api
27 verbose updated @js-scribble/local-client
28 verbose git-describe undefined => "v2.0.0-2-g00a00b3"
29 silly git-describe parsed => {"lastTagName":"v2.0.0","lastVersion":"v2.0.0","refCount":"2","sha":"00a00b3","isDirty":false}
30 info execute Skipping git push
31 info execute Skipping releases
32 silly lifecycle No script for "preversion" in "root", continuing
33 silly lifecycle No script for "preversion" in "@js-scribble/local-client", continuing
34 silly lifecycle No script for "version" in "@js-scribble/local-client", continuing
35 silly lifecycle No script for "preversion" in "@js-scribble/local-api", continuing
36 silly lifecycle No script for "version" in "@js-scribble/local-api", continuing
37 silly lifecycle No script for "preversion" in "js-scribble", continuing
38 silly lifecycle No script for "version" in "js-scribble", continuing
39 silly lifecycle No script for "version" in "root", continuing
40 silly gitAdd [
40 silly gitAdd   'packages/local-client/package.json',
40 silly gitAdd   'packages/local-client/package-lock.json',
40 silly gitAdd   'packages/local-api/package.json',
40 silly gitAdd   'packages/local-api/package-lock.json',
40 silly gitAdd   'packages/cli/package.json',
40 silly gitAdd   'packages/cli/package-lock.json',
40 silly gitAdd   'lerna.json'
40 silly gitAdd ]
41 silly gitCommit v2.1.0
42 verbose git [ 'commit', '-m', 'v2.1.0' ]
43 silly gitTag v2.1.0
44 verbose git [ 'tag', 'v2.1.0', '-m', 'v2.1.0' ]
45 silly lifecycle No script for "postversion" in "js-scribble", continuing
46 silly lifecycle No script for "postversion" in "@js-scribble/local-api", continuing
47 silly lifecycle No script for "postversion" in "@js-scribble/local-client", continuing
48 silly lifecycle No script for "postversion" in "root", continuing
49 info publish Publishing packages to npm...
50 info Verifying npm credentials
51 verbose Retrieving npm user profile
52 warn registry Unexpected warning for https://registry.npmjs.org/: Miscellaneous Warning EAI_AGAIN: request to https://registry.npmjs.org/-/npm/v1/user failed, reason: getaddrinfo EAI_AGAIN registry.npmjs.org
53 warn registry Using stale data from https://registry.npmjs.org/ due to a request error during revalidation.
54 http fetch GET 200 https://registry.npmjs.org/-/npm/v1/user 1315ms (from cache)
55 silly npm profile get received {"tfa":false,"name":"utkarshsonkar","email":"utkarshsonkar03@gmail.com","email_verified":true,"created":"2023-07-02T13:29:09.433Z","updated":"2023-07-02T13:29:09.429Z","cidr_whitelist":null}
56 silly get npm username received {"username":"utkarshsonkar","tfa":false,"name":"utkarshsonkar","email":"utkarshsonkar03@gmail.com","email_verified":true,"created":"2023-07-02T13:29:09.433Z","updated":"2023-07-02T13:29:09.429Z","cidr_whitelist":null}
57 silly verifyNpmPackageAccess
58 http fetch GET 200 https://registry.npmjs.org/-/org/utkarshsonkar/package?format=cli 36ms (from cache)
59 warn The logged-in user does not have any previously-published packages, skipping permission checks...
60 info Checking two-factor auth mode
61 verbose Retrieving npm user profile
62 http fetch GET 200 https://registry.npmjs.org/-/npm/v1/user 12ms (from cache)
63 silly npm profile get received {"tfa":false,"name":"utkarshsonkar","email":"utkarshsonkar03@gmail.com","email_verified":true,"created":"2023-07-02T13:29:09.433Z","updated":"2023-07-02T13:29:09.429Z","cidr_whitelist":null}
64 silly 2FA false
65 warn ENOLICENSE Packages js-scribble, @js-scribble/local-api, and @js-scribble/local-client are missing a license.
65 warn ENOLICENSE One way to fix this is to add a LICENSE.md file to the root of this repository.
65 warn ENOLICENSE See https://choosealicense.com for additional guidance.
66 silly getCurrentSHA
67 verbose getCurrentSHA 2d6be0f63caeaebb1b7d6fd54f83b50151b7eb0c
68 silly lifecycle No script for "prepublish" in "root", continuing
69 silly lifecycle No script for "prepare" in "root", continuing
70 silly lifecycle No script for "prepublishOnly" in "root", continuing
71 silly lifecycle No script for "prepack" in "root", continuing
72 verbose pack-directory packages/local-client
73 silly lifecycle No script for "prepublish" in "@js-scribble/local-client", continuing
74 silly lifecycle No script for "prepare" in "@js-scribble/local-client", continuing
75 silly lifecycle "prepublishOnly" starting in "@js-scribble/local-client"
76 info lifecycle @js-scribble/local-client@2.1.0~prepublishOnly: @js-scribble/local-client@2.1.0
77 verbose lifecycle @js-scribble/local-client@2.1.0~prepublishOnly: unsafe-perm in lifecycle true
78 verbose lifecycle @js-scribble/local-client@2.1.0~prepublishOnly: PATH: /home/utkarsh/.nvm/versions/node/v16.17.0/lib/node_modules/lerna/node_modules/npm-lifecycle/node-gyp-bin:/home/utkarsh/Documents/JScodePad/packages/local-client/node_modules/.bin:/home/utkarsh/.nvm/versions/node/v16.17.0/bin:/usr/local/sbin:/usr/local/bin:/usr/sbin:/usr/bin:/sbin:/bin:/usr/games:/usr/local/games:/snap/bin:/snap/bin
79 verbose lifecycle @js-scribble/local-client@2.1.0~prepublishOnly: CWD: /home/utkarsh/Documents/JScodePad/packages/local-client
80 silly lifecycle @js-scribble/local-client@2.1.0~prepublishOnly: Args: [ '-c', 'npm run build' ]
81 silly lifecycle @js-scribble/local-client@2.1.0~prepublishOnly: Returned: code: 0  signal: null
82 silly lifecycle "prepublishOnly" finished in "@js-scribble/local-client"
83 silly lifecycle No script for "prepack" in "@js-scribble/local-client", continuing
84 error ZlibError: zlib: too many length or distance symbols
84 error     at Unzip.write (/home/utkarsh/.nvm/versions/node/v16.17.0/lib/node_modules/lerna/node_modules/minizlib/index.js:147:22)
84 error     at Object.write (/home/utkarsh/.nvm/versions/node/v16.17.0/lib/node_modules/lerna/node_modules/tar/lib/parse.js:305:58)
84 error     at Yallist.<anonymous> (/home/utkarsh/.nvm/versions/node/v16.17.0/lib/node_modules/lerna/node_modules/minipass/index.js:374:18)
84 error     at Yallist.forEach (/home/utkarsh/.nvm/versions/node/v16.17.0/lib/node_modules/lerna/node_modules/yallist/yallist.js:156:8)
84 error     at ReadStream.emit (/home/utkarsh/.nvm/versions/node/v16.17.0/lib/node_modules/lerna/node_modules/minipass/index.js:373:20)
84 error     at ReadStream.emit (/home/utkarsh/.nvm/versions/node/v16.17.0/lib/node_modules/lerna/node_modules/fs-minipass/index.js:154:22)
84 error     at ReadStream.write (/home/utkarsh/.nvm/versions/node/v16.17.0/lib/node_modules/lerna/node_modules/minipass/index.js:163:17)
84 error     at ReadStream.[_handleChunk] (/home/utkarsh/.nvm/versions/node/v16.17.0/lib/node_modules/lerna/node_modules/fs-minipass/index.js:131:19)
84 error     at ReadStream.[_onread] (/home/utkarsh/.nvm/versions/node/v16.17.0/lib/node_modules/lerna/node_modules/fs-minipass/index.js:109:32)
84 error     at /home/utkarsh/.nvm/versions/node/v16.17.0/lib/node_modules/lerna/node_modules/fs-minipass/index.js:101:22
